<?xml version="1.0" encoding="UTF-8"?>
<testng-results skipped="0" failed="0" total="1" passed="1">
  <reporter-output>
  </reporter-output>
  <suite name="Command line suite" duration-ms="83" started-at="2017-06-06T15:10:11Z" finished-at="2017-06-06T15:10:11Z">
    <groups>
    </groups>
    <test name="Command line test" duration-ms="83" started-at="2017-06-06T15:10:11Z" finished-at="2017-06-06T15:10:11Z">
      <class name="com.dbmi.i2b2Act.AppTest">
        <test-method status="PASS" signature="testApp()[pri:0, instance:testApp(com.dbmi.i2b2Act.AppTest)]" name="testApp" duration-ms="1" started-at="2017-06-06T11:10:11Z" finished-at="2017-06-06T11:10:11Z">
          <reporter-output>
          </reporter-output>
        </test-method> <!-- testApp -->
      </class> <!-- com.dbmi.i2b2Act.AppTest -->
    </test> <!-- Command line test -->
  </suite> <!-- Command line suite -->
</testng-results>
