<?xml version="1.0" encoding="UTF-8"?>
<!-- Generated by org.testng.reporters.JUnitXMLReporter -->
<testsuite hostname="jop55-dt" name="TestICD109" tests="4" failures="0" timestamp="21 Aug 2017 12:03:30 GMT" time="48.18" errors="0">
  <testcase name="DBduration" time="1.925" classname="com.dbmi.i2b2Act.Qry_Act_ICD109DiagDisRespAsthmaDateRange"/>
  <testcase name="DBduration" time="1.026" classname="com.dbmi.i2b2Act.Qry_Act_ICD109DiagDisRespAsthma"/>
  <testcase name="DBduration" time="4.742" classname="com.dbmi.i2b2Act.Qry_Act_ICD109DiagDisResp"/>
  <testcase name="DBduration" time="4.824" classname="com.dbmi.i2b2Act.Qry_Act_ICD109DiagDisRespDateRange"/>
</testsuite> <!-- TestICD109 -->
