<?xml version="1.0" encoding="UTF-8"?>
<!-- Generated by org.testng.reporters.JUnitXMLReporter -->
<testsuite hostname="jop55-dt" name="Default test" tests="2" failures="0" timestamp="2 Nov 2017 12:58:03 GMT" time="217.325" errors="0">
  <testcase name="DBduration" time="5.356" classname="com.dbmi.i2b2Pcori.Qry_Pcori_ICD10ProcChiroAnatoManipCerviExtrnalMechAsst"/>
  <testcase name="testCompare" time="200.637" classname="com.dbmi.i2b2Pcori.Qry_Pcori_ICD10ProcChiroAnatoManipCerviExtrnalMechAsst"/>
</testsuite> <!-- Default test -->
