<?xml version="1.0" encoding="UTF-8"?>
<!-- Generated by org.testng.reporters.JUnitXMLReporter -->
<testsuite hostname="jop55-dt" name="TestMed" tests="9" failures="2" timestamp="21 Aug 2017 12:01:54 GMT" time="92.496" errors="0">
  <testcase name="DBduration" time="2.724" classname="com.dbmi.i2b2Act.Qry_Act_MedCardioMedsDate"/>
  <testcase name="DBduration" time="1.143" classname="com.dbmi.i2b2Act.Qry_Act_MedCardioAceInhibit"/>
  <testcase name="DBduration" time="0.083" classname="com.dbmi.i2b2Act.Qry_Act_MedFamciclovir">
    <failure type="java.sql.SQLException" message="SQL statement to execute cannot be empty or null">
      <![CDATA[java.sql.SQLException: SQL statement to execute cannot be empty or null
	at oracle.jdbc.driver.OracleSql.initialize(OracleSql.java:104)
	at oracle.jdbc.driver.OracleStatement.executeQuery(OracleStatement.java:1299)
	at oracle.jdbc.driver.OracleStatementWrapper.executeQuery(OracleStatementWrapper.java:422)
	at com.dbmi.i2b2Act.LoginI2b2Act.testDB_duration(LoginI2b2Act.java:215)
	at com.dbmi.i2b2Act.Qry_Act_MedFamciclovir.DBduration(Qry_Act_MedFamciclovir.java:139)
... Removed 24 stack frames]]>
    </failure>
  </testcase> <!-- DBduration -->
  <testcase name="DBduration" time="0.222" classname="com.dbmi.i2b2Act.Qry_Act_MedCardioCaptopril"/>
  <testcase name="DBduration" time="0.484" classname="com.dbmi.i2b2Act.Qry_Act_MedCardioAceInhibitDate"/>
  <testcase name="DBduration" time="0.065" classname="com.dbmi.i2b2Act.Qry_Act_MedCardioCaptoprilOralTab"/>
  <testcase name="DBduration" time="0.077" classname="com.dbmi.i2b2Act.Qry_Act_MedCardioCaptoprilOralTabDate"/>
  <testcase name="DBduration" time="2.962" classname="com.dbmi.i2b2Act.Qry_Act_MedCardioMeds"/>
  <testcase name="DBduration" time="0.041" classname="com.dbmi.i2b2Act.Qry_Act_MedCentalAnitdepressSetraline">
    <failure type="java.sql.SQLException" message="SQL statement to execute cannot be empty or null">
      <![CDATA[java.sql.SQLException: SQL statement to execute cannot be empty or null
	at oracle.jdbc.driver.OracleSql.initialize(OracleSql.java:104)
	at oracle.jdbc.driver.OracleStatement.executeQuery(OracleStatement.java:1299)
	at oracle.jdbc.driver.OracleStatementWrapper.executeQuery(OracleStatementWrapper.java:422)
	at com.dbmi.i2b2Act.LoginI2b2Act.testDB_duration(LoginI2b2Act.java:215)
	at com.dbmi.i2b2Act.Qry_Act_MedCentalAnitdepressSetraline.DBduration(Qry_Act_MedCentalAnitdepressSetraline.java:144)
... Removed 24 stack frames]]>
    </failure>
  </testcase> <!-- DBduration -->
</testsuite> <!-- TestMed -->
