<?xml version="1.0" encoding="UTF-8"?>
<!-- Generated by org.testng.reporters.JUnitXMLReporter -->
<testsuite hostname="jop55-dt" name="TestDuration" tests="32" failures="7" timestamp="29 Aug 2017 21:30:23 GMT" time="7084.205" errors="0">
  <testcase name="DBduration" time="12.019" classname="com.dbmi.i2b2Pcori.Qry_Pcori_EncounterDischarHomeSelfCare"/>
  <testcase name="DBduration" time="9.042" classname="com.dbmi.i2b2Pcori.Qry_Pcori_MedCardioCaptoprilOralTab"/>
  <testcase name="DBduration" time="54.177" classname="com.dbmi.i2b2Pcori.Qry_Pcori_MedCardioAceInhibit"/>
  <testcase name="DBduration" time="0.434" classname="com.dbmi.i2b2Pcori.Qry_Pcori_DemHispanicY"/>
  <testcase name="DBduration" time="0.259" classname="com.dbmi.i2b2Pcori.Qry_Pcori_LabElectroSodiumBloodArt"/>
  <testcase name="DBduration" time="58.259" classname="com.dbmi.i2b2Pcori.Qry_Pcori_MedCardioMeds"/>
  <testcase name="DBduration" time="0.349" classname="com.dbmi.i2b2Pcori.Qry_Pcori_ICD9OperDigestiveSystem"/>
  <testcase name="DBduration" time="1759.568" classname="com.dbmi.i2b2Pcori.Qry_Pcori_MedCardioMedsDateRange">
    <failure type="java.sql.SQLException" message="ORA-12592: TNS:bad packet
">
      <![CDATA[java.sql.SQLException: ORA-12592: TNS:bad packet

	at oracle.jdbc.driver.T4CTTIoer.processError(T4CTTIoer.java:450)
	at oracle.jdbc.driver.T4CTTIoer.processError(T4CTTIoer.java:392)
	at oracle.jdbc.driver.T4CTTIoer.processError(T4CTTIoer.java:385)
	at oracle.jdbc.driver.T4C7Ocommoncall.processError(T4C7Ocommoncall.java:91)
	at oracle.jdbc.driver.T4CTTIfun.receive(T4CTTIfun.java:522)
	at oracle.jdbc.driver.T4CTTIfun.doRPC(T4CTTIfun.java:257)
	at oracle.jdbc.driver.T4C7Ocommoncall.doOLOGOFF(T4C7Ocommoncall.java:59)
	at oracle.jdbc.driver.T4CConnection.logoff(T4CConnection.java:844)
	at oracle.jdbc.driver.PhysicalConnection.close(PhysicalConnection.java:2502)
	at com.dbmi.i2b2Pcori.LoginI2b2Pcori.testDB_duration(LoginI2b2Pcori.java:245)
	at com.dbmi.i2b2Pcori.Qry_Pcori_MedCardioMedsDateRange.DBduration(Qry_Pcori_MedCardioMedsDateRange.java:152)
... Removed 24 stack frames]]>
    </failure>
  </testcase> <!-- DBduration -->
  <testcase name="DBduration" time="361.017" classname="com.dbmi.i2b2Pcori.Qry_Pcori_ICD9OperDigestiveSystemDateRange">
    <failure type="java.sql.SQLException" message="ORA-12592: TNS:bad packet
">
      <![CDATA[java.sql.SQLException: ORA-12592: TNS:bad packet

	at oracle.jdbc.driver.T4CTTIoer.processError(T4CTTIoer.java:450)
	at oracle.jdbc.driver.T4CTTIoer.processError(T4CTTIoer.java:392)
	at oracle.jdbc.driver.T4CTTIoer.processError(T4CTTIoer.java:385)
	at oracle.jdbc.driver.T4C7Ocommoncall.processError(T4C7Ocommoncall.java:91)
	at oracle.jdbc.driver.T4CTTIfun.receive(T4CTTIfun.java:522)
	at oracle.jdbc.driver.T4CTTIfun.doRPC(T4CTTIfun.java:257)
	at oracle.jdbc.driver.T4C7Ocommoncall.doOLOGOFF(T4C7Ocommoncall.java:59)
	at oracle.jdbc.driver.T4CConnection.logoff(T4CConnection.java:844)
	at oracle.jdbc.driver.PhysicalConnection.close(PhysicalConnection.java:2502)
	at com.dbmi.i2b2Pcori.LoginI2b2Pcori.testDB_duration(LoginI2b2Pcori.java:245)
	at com.dbmi.i2b2Pcori.Qry_Pcori_ICD9OperDigestiveSystemDateRange.DBduration(Qry_Pcori_ICD9OperDigestiveSystemDateRange.java:149)
... Removed 24 stack frames]]>
    </failure>
  </testcase> <!-- DBduration -->
  <testcase name="DBduration" time="0.157" classname="com.dbmi.i2b2Pcori.Qry_Pcori_ICD9OperLiverTransPlantDate"/>
  <testcase name="DBduration" time="1061.117" classname="com.dbmi.i2b2Pcori.Qry_Pcori_MedCardioCaptoprilDateRange">
    <failure type="java.sql.SQLException" message="ORA-12592: TNS:bad packet
">
      <![CDATA[java.sql.SQLException: ORA-12592: TNS:bad packet

	at oracle.jdbc.driver.T4CTTIoer.processError(T4CTTIoer.java:450)
	at oracle.jdbc.driver.T4CTTIoer.processError(T4CTTIoer.java:392)
	at oracle.jdbc.driver.T4CTTIoer.processError(T4CTTIoer.java:385)
	at oracle.jdbc.driver.T4C7Ocommoncall.processError(T4C7Ocommoncall.java:91)
	at oracle.jdbc.driver.T4CTTIfun.receive(T4CTTIfun.java:522)
	at oracle.jdbc.driver.T4CTTIfun.doRPC(T4CTTIfun.java:257)
	at oracle.jdbc.driver.T4C7Ocommoncall.doOLOGOFF(T4C7Ocommoncall.java:59)
	at oracle.jdbc.driver.T4CConnection.logoff(T4CConnection.java:844)
	at oracle.jdbc.driver.PhysicalConnection.close(PhysicalConnection.java:2502)
	at com.dbmi.i2b2Pcori.LoginI2b2Pcori.testDB_duration(LoginI2b2Pcori.java:245)
	at com.dbmi.i2b2Pcori.Qry_Pcori_MedCardioCaptoprilDateRange.DBduration(Qry_Pcori_MedCardioCaptoprilDateRange.java:174)
... Removed 24 stack frames]]>
    </failure>
  </testcase> <!-- DBduration -->
  <testcase name="DBduration" time="377.377" classname="com.dbmi.i2b2Pcori.Qry_Pcori_ICD10DiagDisRespDateRange">
    <failure type="java.sql.SQLException" message="ORA-12592: TNS:bad packet
">
      <![CDATA[java.sql.SQLException: ORA-12592: TNS:bad packet

	at oracle.jdbc.driver.T4CTTIoer.processError(T4CTTIoer.java:450)
	at oracle.jdbc.driver.T4CTTIoer.processError(T4CTTIoer.java:392)
	at oracle.jdbc.driver.T4CTTIoer.processError(T4CTTIoer.java:385)
	at oracle.jdbc.driver.T4C7Ocommoncall.processError(T4C7Ocommoncall.java:91)
	at oracle.jdbc.driver.T4CTTIfun.receive(T4CTTIfun.java:522)
	at oracle.jdbc.driver.T4CTTIfun.doRPC(T4CTTIfun.java:257)
	at oracle.jdbc.driver.T4C7Ocommoncall.doOLOGOFF(T4C7Ocommoncall.java:59)
	at oracle.jdbc.driver.T4CConnection.logoff(T4CConnection.java:844)
	at oracle.jdbc.driver.PhysicalConnection.close(PhysicalConnection.java:2502)
	at com.dbmi.i2b2Pcori.LoginI2b2Pcori.testDB_duration(LoginI2b2Pcori.java:245)
	at com.dbmi.i2b2Pcori.Qry_Pcori_ICD10DiagDisRespDateRange.DBduration(Qry_Pcori_ICD10DiagDisRespDateRange.java:158)
... Removed 24 stack frames]]>
    </failure>
  </testcase> <!-- DBduration -->
  <testcase name="DBduration" time="13.237" classname="com.dbmi.i2b2Pcori.Qry_Pcori_DemRaceWhite"/>
  <testcase name="DBduration" time="39.886" classname="com.dbmi.i2b2Pcori.Qry_Pcori_DemRaceWhiteAgeHispanic"/>
  <testcase name="DBduration" time="415.138" classname="com.dbmi.i2b2Pcori.Qry_Pcori_MedCardioCaptoprilOralTabDateRange">
    <failure type="java.sql.SQLException" message="ORA-12592: TNS:bad packet
">
      <![CDATA[java.sql.SQLException: ORA-12592: TNS:bad packet

	at oracle.jdbc.driver.T4CTTIoer.processError(T4CTTIoer.java:450)
	at oracle.jdbc.driver.T4CTTIoer.processError(T4CTTIoer.java:392)
	at oracle.jdbc.driver.T4CTTIoer.processError(T4CTTIoer.java:385)
	at oracle.jdbc.driver.T4C7Ocommoncall.processError(T4C7Ocommoncall.java:91)
	at oracle.jdbc.driver.T4CTTIfun.receive(T4CTTIfun.java:522)
	at oracle.jdbc.driver.T4CTTIfun.doRPC(T4CTTIfun.java:257)
	at oracle.jdbc.driver.T4C7Ocommoncall.doOLOGOFF(T4C7Ocommoncall.java:59)
	at oracle.jdbc.driver.T4CConnection.logoff(T4CConnection.java:844)
	at oracle.jdbc.driver.PhysicalConnection.close(PhysicalConnection.java:2502)
	at com.dbmi.i2b2Pcori.LoginI2b2Pcori.testDB_duration(LoginI2b2Pcori.java:245)
	at com.dbmi.i2b2Pcori.Qry_Pcori_MedCardioCaptoprilOralTabDateRange.DBduration(Qry_Pcori_MedCardioCaptoprilOralTabDateRange.java:184)
... Removed 24 stack frames]]>
    </failure>
  </testcase> <!-- DBduration -->
  <testcase name="DBduration" time="109.601" classname="com.dbmi.i2b2Pcori.Qry_Pcori_DemRaceWhiteDate"/>
  <testcase name="DBduration" time="15.622" classname="com.dbmi.i2b2Pcori.Qry_Pcori_LabElectrolytes"/>
  <testcase name="DBduration" time="1785.645" classname="com.dbmi.i2b2Pcori.Qry_Pcori_MedCardioAceInhibitDateRange">
    <failure type="java.sql.SQLException" message="ORA-12592: TNS:bad packet
">
      <![CDATA[java.sql.SQLException: ORA-12592: TNS:bad packet

	at oracle.jdbc.driver.T4CTTIoer.processError(T4CTTIoer.java:450)
	at oracle.jdbc.driver.T4CTTIoer.processError(T4CTTIoer.java:392)
	at oracle.jdbc.driver.T4CTTIoer.processError(T4CTTIoer.java:385)
	at oracle.jdbc.driver.T4C7Ocommoncall.processError(T4C7Ocommoncall.java:91)
	at oracle.jdbc.driver.T4CTTIfun.receive(T4CTTIfun.java:522)
	at oracle.jdbc.driver.T4CTTIfun.doRPC(T4CTTIfun.java:257)
	at oracle.jdbc.driver.T4C7Ocommoncall.doOLOGOFF(T4C7Ocommoncall.java:59)
	at oracle.jdbc.driver.T4CConnection.logoff(T4CConnection.java:844)
	at oracle.jdbc.driver.PhysicalConnection.close(PhysicalConnection.java:2502)
	at com.dbmi.i2b2Pcori.LoginI2b2Pcori.testDB_duration(LoginI2b2Pcori.java:245)
	at com.dbmi.i2b2Pcori.Qry_Pcori_MedCardioAceInhibitDateRange.DBduration(Qry_Pcori_MedCardioAceInhibitDateRange.java:160)
... Removed 24 stack frames]]>
    </failure>
  </testcase> <!-- DBduration -->
  <testcase name="DBduration" time="286.433" classname="com.dbmi.i2b2Pcori.Qry_Pcori_ICD10DiagDisRespAsthmaDateRange">
    <failure type="java.sql.SQLException" message="ORA-12592: TNS:bad packet
">
      <![CDATA[java.sql.SQLException: ORA-12592: TNS:bad packet

	at oracle.jdbc.driver.T4CTTIoer.processError(T4CTTIoer.java:450)
	at oracle.jdbc.driver.T4CTTIoer.processError(T4CTTIoer.java:392)
	at oracle.jdbc.driver.T4CTTIoer.processError(T4CTTIoer.java:385)
	at oracle.jdbc.driver.T4C7Ocommoncall.processError(T4C7Ocommoncall.java:91)
	at oracle.jdbc.driver.T4CTTIfun.receive(T4CTTIfun.java:522)
	at oracle.jdbc.driver.T4CTTIfun.doRPC(T4CTTIfun.java:257)
	at oracle.jdbc.driver.T4C7Ocommoncall.doOLOGOFF(T4C7Ocommoncall.java:59)
	at oracle.jdbc.driver.T4CConnection.logoff(T4CConnection.java:844)
	at oracle.jdbc.driver.PhysicalConnection.close(PhysicalConnection.java:2502)
	at com.dbmi.i2b2Pcori.LoginI2b2Pcori.testDB_duration(LoginI2b2Pcori.java:245)
	at com.dbmi.i2b2Pcori.Qry_Pcori_ICD10DiagDisRespAsthmaDateRange.DBduration(Qry_Pcori_ICD10DiagDisRespAsthmaDateRange.java:162)
... Removed 24 stack frames]]>
    </failure>
  </testcase> <!-- DBduration -->
  <testcase name="DBduration" time="22.552" classname="com.dbmi.i2b2Pcori.Qry_Pcori_DemHispanicDate"/>
  <testcase name="DBduration" time="1.352" classname="com.dbmi.i2b2Pcori.Qry_Pcori_ICD10DiagDisRespAsthma"/>
  <testcase name="DBduration" time="16.437" classname="com.dbmi.i2b2Pcori.Qry_Pcori_LabElectrolytesDateRange"/>
  <testcase name="DBduration" time="125.349" classname="com.dbmi.i2b2Pcori.Qry_Pcori_EncounterDischarHmSelfCareAge3445DateRange"/>
  <testcase name="DBduration" time="66.893" classname="com.dbmi.i2b2Pcori.Qry_Pcori_LabElectrolytesAgeArtiFibril"/>
  <testcase name="DBduration" time="50.411" classname="com.dbmi.i2b2Pcori.Qry_Pcori_EncounterDischarHomeSelfCareAge3444"/>
  <testcase name="DBduration" time="0.366" classname="com.dbmi.i2b2Pcori.Qry_Pcori_ICD9OperLiverTransPlant"/>
  <testcase name="DBduration" time="0.098" classname="com.dbmi.i2b2Pcori.Qry_Pcori_ICD10DiagDisResp"/>
  <testcase name="DBduration" time="0.253" classname="com.dbmi.i2b2Pcori.Qry_Pcori_LabElectroSodiumBloodArtDateRange"/>
  <testcase name="DBduration" time="42.385" classname="com.dbmi.i2b2Pcori.Qry_Pcori_MedCardioCaptopril"/>
  <testcase name="DBduration" time="2.718" classname="com.dbmi.i2b2Pcori.Qry_Pcori_ICD9OperLiverTransPlantANDAsthma"/>
  <testcase name="DBduration" time="39.863" classname="com.dbmi.i2b2Pcori.Qry_Pcori_ICD10DiagDisRespAsthmaAge5564"/>
  <testcase name="DBduration" time="55.517" classname="com.dbmi.i2b2Pcori.Qry_Pcori_LabElectrolytesMedCaptopril"/>
</testsuite> <!-- TestDuration -->
