<?xml version="1.0" encoding="UTF-8"?>
<!-- Generated by org.testng.reporters.JUnitXMLReporter -->
<testsuite hostname="jop55-dt" name="Test" tests="116" failures="12" timestamp="12 Oct 2017 16:48:49 GMT" time="14969.904" errors="0">
  <testcase name="DBduration" time="15.284" classname="com.dbmi.i2b2Pcori.Qry_Pcori_MedCardioCaptoprilOralTab"/>
  <testcase name="testCompare" time="27.707" classname="com.dbmi.i2b2Pcori.Qry_Pcori_MedCardioCaptoprilOralTab"/>
  <testcase name="DBduration" time="51.263" classname="com.dbmi.i2b2Pcori.Qry_Pcori_MedCardioAceInhibit"/>
  <testcase name="testCompare" time="30.558" classname="com.dbmi.i2b2Pcori.Qry_Pcori_MedCardioAceInhibit">
    <failure type="java.lang.Exception" message="Comparison Result: Numbers Do Not Match">
      <![CDATA[java.lang.Exception: Comparison Result: Numbers Do Not Match
	at com.dbmi.i2b2Pcori.Qry_Pcori_MedCardioAceInhibit.testCompare(Qry_Pcori_MedCardioAceInhibit.java:106)
... Removed 24 stack frames]]>
    </failure>
  </testcase> <!-- testCompare -->
  <testcase name="DBduration" time="0.363" classname="com.dbmi.i2b2Pcori.Qry_Pcori_ICD10ProcObstetrPregExtracProductViaArtNatuNoDevice"/>
  <testcase name="testCompare" time="206.509" classname="com.dbmi.i2b2Pcori.Qry_Pcori_ICD10ProcObstetrPregExtracProductViaArtNatuNoDevice"/>
  <testcase name="DBduration" time="170.954" classname="com.dbmi.i2b2Pcori.Qry_Pcori_VisitTypeEmergency"/>
  <testcase name="testCompare" time="252.326" classname="com.dbmi.i2b2Pcori.Qry_Pcori_VisitTypeEmergency"/>
  <testcase name="DBduration" time="7.355" classname="com.dbmi.i2b2Pcori.Qry_Pcori_ICD9OperLiverTransPlantDate"/>
  <testcase name="testCompare" time="188.761" classname="com.dbmi.i2b2Pcori.Qry_Pcori_ICD9OperLiverTransPlantDate"/>
  <testcase name="DBduration" time="0.194" classname="com.dbmi.i2b2Pcori.Qry_Pcori_ICD10ProcMeasurePhysioloMonitorProducts"/>
  <testcase name="testCompare" time="193.789" classname="com.dbmi.i2b2Pcori.Qry_Pcori_ICD10ProcMeasurePhysioloMonitorProducts"/>
  <testcase name="DBduration" time="0.364" classname="com.dbmi.i2b2Pcori.Qry_Pcori_ICD10DiagDisEarOttisAcuteOttisREar"/>
  <testcase name="testCompare" time="205.529" classname="com.dbmi.i2b2Pcori.Qry_Pcori_ICD10DiagDisEarOttisAcuteOttisREar"/>
  <testcase name="DBduration" time="10.947" classname="com.dbmi.i2b2Pcori.Qry_Pcori_DemRaceBlkOrAfAm"/>
  <testcase name="testCompare" time="207.301" classname="com.dbmi.i2b2Pcori.Qry_Pcori_DemRaceBlkOrAfAm"/>
  <testcase name="DBduration" time="30.644" classname="com.dbmi.i2b2Pcori.Qry_Pcori_DemRaceWhiteAgeHispanic"/>
  <testcase name="testCompare" time="107.823" classname="com.dbmi.i2b2Pcori.Qry_Pcori_DemRaceWhiteAgeHispanic">
    <failure type="java.sql.SQLSyntaxErrorException" message="ORA-00942: table or view does not exist
">
      <![CDATA[java.sql.SQLSyntaxErrorException: ORA-00942: table or view does not exist

	at oracle.jdbc.driver.T4CTTIoer.processError(T4CTTIoer.java:450)
	at oracle.jdbc.driver.T4CTTIoer.processError(T4CTTIoer.java:399)
	at oracle.jdbc.driver.T4C8Oall.processError(T4C8Oall.java:1059)
	at oracle.jdbc.driver.T4CTTIfun.receive(T4CTTIfun.java:522)
	at oracle.jdbc.driver.T4CTTIfun.doRPC(T4CTTIfun.java:257)
	at oracle.jdbc.driver.T4C8Oall.doOALL(T4C8Oall.java:587)
	at oracle.jdbc.driver.T4CStatement.doOall8(T4CStatement.java:210)
	at oracle.jdbc.driver.T4CStatement.doOall8(T4CStatement.java:30)
	at oracle.jdbc.driver.T4CStatement.executeForDescribe(T4CStatement.java:762)
	at oracle.jdbc.driver.OracleStatement.executeMaybeDescribe(OracleStatement.java:925)
	at oracle.jdbc.driver.OracleStatement.doExecuteWithTimeout(OracleStatement.java:1111)
	at oracle.jdbc.driver.OracleStatement.executeQuery(OracleStatement.java:1309)
	at oracle.jdbc.driver.OracleStatementWrapper.executeQuery(OracleStatementWrapper.java:422)
	at com.dbmi.i2b2Pcori.LoginI2b2Pcori.Connect2DB(LoginI2b2Pcori.java:155)
	at com.dbmi.i2b2Pcori.Qry_Pcori_DemRaceWhiteAgeHispanic.testDB(Qry_Pcori_DemRaceWhiteAgeHispanic.java:141)
	at com.dbmi.i2b2Pcori.Qry_Pcori_DemRaceWhiteAgeHispanic.testCompare(Qry_Pcori_DemRaceWhiteAgeHispanic.java:131)
... Removed 24 stack frames]]>
    </failure>
  </testcase> <!-- testCompare -->
  <testcase name="DBduration" time="0.234" classname="com.dbmi.i2b2Pcori.Qry_Pcori_ICD10DiagSymptomsR00_99R1019AbdomPelvicOtherReboundLeftUpTender"/>
  <testcase name="testCompare" time="220.727" classname="com.dbmi.i2b2Pcori.Qry_Pcori_ICD10DiagSymptomsR00_99R1019AbdomPelvicOtherReboundLeftUpTender"/>
  <testcase name="DBduration" time="294.407" classname="com.dbmi.i2b2Pcori.Qry_Pcori_ICD10ProcMedSurUpprtJntReplaceSternoOpenSynthetic">
    <failure type="java.sql.SQLException" message="ORA-12592: TNS:bad packet
">
      <![CDATA[java.sql.SQLException: ORA-12592: TNS:bad packet

	at oracle.jdbc.driver.T4CTTIoer.processError(T4CTTIoer.java:450)
	at oracle.jdbc.driver.T4CTTIoer.processError(T4CTTIoer.java:392)
	at oracle.jdbc.driver.T4CTTIoer.processError(T4CTTIoer.java:385)
	at oracle.jdbc.driver.T4C7Ocommoncall.processError(T4C7Ocommoncall.java:91)
	at oracle.jdbc.driver.T4CTTIfun.receive(T4CTTIfun.java:522)
	at oracle.jdbc.driver.T4CTTIfun.doRPC(T4CTTIfun.java:257)
	at oracle.jdbc.driver.T4C7Ocommoncall.doOLOGOFF(T4C7Ocommoncall.java:59)
	at oracle.jdbc.driver.T4CConnection.logoff(T4CConnection.java:844)
	at oracle.jdbc.driver.PhysicalConnection.close(PhysicalConnection.java:2502)
	at com.dbmi.i2b2Pcori.LoginI2b2Pcori.testDB_duration(LoginI2b2Pcori.java:241)
	at com.dbmi.i2b2Pcori.Qry_Pcori_ICD10ProcMedSurUpprtJntReplaceSternoOpenSynthetic.DBduration(Qry_Pcori_ICD10ProcMedSurUpprtJntReplaceSternoOpenSynthetic.java:191)
... Removed 24 stack frames]]>
    </failure>
  </testcase> <!-- DBduration -->
  <testcase name="testCompare" time="201.785" classname="com.dbmi.i2b2Pcori.Qry_Pcori_ICD10ProcMedSurUpprtJntReplaceSternoOpenSynthetic"/>
  <testcase name="DBduration" time="0.764" classname="com.dbmi.i2b2Pcori.Qry_Pcori_ICD10ImgUpperArtMRI_VertArtBilateral"/>
  <testcase name="testCompare" time="195.465" classname="com.dbmi.i2b2Pcori.Qry_Pcori_ICD10ImgUpperArtMRI_VertArtBilateral"/>
  <testcase name="DBduration" time="0.199" classname="com.dbmi.i2b2Pcori.Qry_Pcori_ICD10ProcAdminPhysioIrriEyePercutIrrigSubstance"/>
  <testcase name="testCompare" time="194.762" classname="com.dbmi.i2b2Pcori.Qry_Pcori_ICD10ProcAdminPhysioIrriEyePercutIrrigSubstance"/>
  <testcase name="DBduration" time="57.149" classname="com.dbmi.i2b2Pcori.Qry_Pcori_LabElectrolytesAgeArtiFibril"/>
  <testcase name="testCompare" time="132.395" classname="com.dbmi.i2b2Pcori.Qry_Pcori_LabElectrolytesAgeArtiFibril">
    <failure type="java.lang.Exception" message="Comparison Result: Numbers Do Not Match">
      <![CDATA[java.lang.Exception: Comparison Result: Numbers Do Not Match
	at com.dbmi.i2b2Pcori.Qry_Pcori_LabElectrolytesAgeArtiFibril.testCompare(Qry_Pcori_LabElectrolytesAgeArtiFibril.java:130)
... Removed 24 stack frames]]>
    </failure>
  </testcase> <!-- testCompare -->
  <testcase name="DBduration" time="0.194" classname="com.dbmi.i2b2Pcori.Qry_Pcori_ICD10DiagDisResp"/>
  <testcase name="testCompare" time="208.79" classname="com.dbmi.i2b2Pcori.Qry_Pcori_ICD10DiagDisResp"/>
  <testcase name="DBduration" time="309.525" classname="com.dbmi.i2b2Pcori.Qry_Pcori_ICD10ProcMedSurUpprtJntReplaceSternoOpen">
    <failure type="java.sql.SQLException" message="ORA-12592: TNS:bad packet
">
      <![CDATA[java.sql.SQLException: ORA-12592: TNS:bad packet

	at oracle.jdbc.driver.T4CTTIoer.processError(T4CTTIoer.java:450)
	at oracle.jdbc.driver.T4CTTIoer.processError(T4CTTIoer.java:392)
	at oracle.jdbc.driver.T4CTTIoer.processError(T4CTTIoer.java:385)
	at oracle.jdbc.driver.T4C7Ocommoncall.processError(T4C7Ocommoncall.java:91)
	at oracle.jdbc.driver.T4CTTIfun.receive(T4CTTIfun.java:522)
	at oracle.jdbc.driver.T4CTTIfun.doRPC(T4CTTIfun.java:257)
	at oracle.jdbc.driver.T4C7Ocommoncall.doOLOGOFF(T4C7Ocommoncall.java:59)
	at oracle.jdbc.driver.T4CConnection.logoff(T4CConnection.java:844)
	at oracle.jdbc.driver.PhysicalConnection.close(PhysicalConnection.java:2502)
	at com.dbmi.i2b2Pcori.LoginI2b2Pcori.testDB_duration(LoginI2b2Pcori.java:241)
	at com.dbmi.i2b2Pcori.Qry_Pcori_ICD10ProcMedSurUpprtJntReplaceSternoOpen.DBduration(Qry_Pcori_ICD10ProcMedSurUpprtJntReplaceSternoOpen.java:170)
... Removed 24 stack frames]]>
    </failure>
  </testcase> <!-- DBduration -->
  <testcase name="testCompare" time="196.776" classname="com.dbmi.i2b2Pcori.Qry_Pcori_ICD10ProcMedSurUpprtJntReplaceSternoOpen"/>
  <testcase name="DBduration" time="58.203" classname="com.dbmi.i2b2Pcori.Qry_Pcori_MedCardioCaptopril"/>
  <testcase name="testCompare" time="191.412" classname="com.dbmi.i2b2Pcori.Qry_Pcori_MedCardioCaptopril"/>
  <testcase name="DBduration" time="0.287" classname="com.dbmi.i2b2Pcori.Qry_Pcori_ICD10_OtherProcPhysioOtherProcUpperExternalRobotic"/>
  <testcase name="testCompare" time="196.556" classname="com.dbmi.i2b2Pcori.Qry_Pcori_ICD10_OtherProcPhysioOtherProcUpperExternalRobotic"/>
  <testcase name="DBduration" time="0.281" classname="com.dbmi.i2b2Pcori.Qry_Pcori_ICD10ProcExtracorporealPerform"/>
  <testcase name="testCompare" time="187.715" classname="com.dbmi.i2b2Pcori.Qry_Pcori_ICD10ProcExtracorporealPerform"/>
  <testcase name="DBduration" time="0.231" classname="com.dbmi.i2b2Pcori.Qry_Pcori_ICD10ProcNucMedCentralNerv"/>
  <testcase name="testCompare" time="188.939" classname="com.dbmi.i2b2Pcori.Qry_Pcori_ICD10ProcNucMedCentralNerv"/>
  <testcase name="DBduration" time="27.206" classname="com.dbmi.i2b2Pcori.Qry_Pcori_ICD10DiagDisRespAsthmaAge5564"/>
  <testcase name="testCompare" time="208.995" classname="com.dbmi.i2b2Pcori.Qry_Pcori_ICD10DiagDisRespAsthmaAge5564">
    <failure type="java.sql.SQLSyntaxErrorException" message="ORA-00903: invalid table name
">
      <![CDATA[java.sql.SQLSyntaxErrorException: ORA-00903: invalid table name

	at oracle.jdbc.driver.T4CTTIoer.processError(T4CTTIoer.java:450)
	at oracle.jdbc.driver.T4CTTIoer.processError(T4CTTIoer.java:399)
	at oracle.jdbc.driver.T4C8Oall.processError(T4C8Oall.java:1059)
	at oracle.jdbc.driver.T4CTTIfun.receive(T4CTTIfun.java:522)
	at oracle.jdbc.driver.T4CTTIfun.doRPC(T4CTTIfun.java:257)
	at oracle.jdbc.driver.T4C8Oall.doOALL(T4C8Oall.java:587)
	at oracle.jdbc.driver.T4CStatement.doOall8(T4CStatement.java:210)
	at oracle.jdbc.driver.T4CStatement.doOall8(T4CStatement.java:30)
	at oracle.jdbc.driver.T4CStatement.executeForDescribe(T4CStatement.java:762)
	at oracle.jdbc.driver.OracleStatement.executeMaybeDescribe(OracleStatement.java:925)
	at oracle.jdbc.driver.OracleStatement.doExecuteWithTimeout(OracleStatement.java:1111)
	at oracle.jdbc.driver.OracleStatement.executeQuery(OracleStatement.java:1309)
	at oracle.jdbc.driver.OracleStatementWrapper.executeQuery(OracleStatementWrapper.java:422)
	at com.dbmi.i2b2Pcori.LoginI2b2Pcori.Connect2DB(LoginI2b2Pcori.java:155)
	at com.dbmi.i2b2Pcori.Qry_Pcori_ICD10DiagDisRespAsthmaAge5564.testDB(Qry_Pcori_ICD10DiagDisRespAsthmaAge5564.java:134)
	at com.dbmi.i2b2Pcori.Qry_Pcori_ICD10DiagDisRespAsthmaAge5564.testCompare(Qry_Pcori_ICD10DiagDisRespAsthmaAge5564.java:124)
... Removed 24 stack frames]]>
    </failure>
  </testcase> <!-- testCompare -->
  <testcase name="DBduration" time="0.166" classname="com.dbmi.i2b2Pcori.Qry_Pcori_ICD10ProcNucMedMuscSkelCervicalSpine"/>
  <testcase name="testCompare" time="191.415" classname="com.dbmi.i2b2Pcori.Qry_Pcori_ICD10ProcNucMedMuscSkelCervicalSpine"/>
  <testcase name="DBduration" time="0.414" classname="com.dbmi.i2b2Pcori.Qry_Pcori_ICD10ProcImgUpperArtMRI"/>
  <testcase name="testCompare" time="192.937" classname="com.dbmi.i2b2Pcori.Qry_Pcori_ICD10ProcImgUpperArtMRI"/>
  <testcase name="DBduration" time="0.107" classname="com.dbmi.i2b2Pcori.Qry_Pcori_ICD10DiagCertInfecRickettSpotFeverAustralis"/>
  <testcase name="testCompare" time="219.566" classname="com.dbmi.i2b2Pcori.Qry_Pcori_ICD10DiagCertInfecRickettSpotFeverAustralis"/>
  <testcase name="DBduration" time="50.905" classname="com.dbmi.i2b2Pcori.Qry_Pcori_LabElectrolytesMedCaptopril"/>
  <testcase name="testCompare" time="124.749" classname="com.dbmi.i2b2Pcori.Qry_Pcori_LabElectrolytesMedCaptopril">
    <failure type="java.sql.SQLSyntaxErrorException" message="ORA-00933: SQL command not properly ended
">
      <![CDATA[java.sql.SQLSyntaxErrorException: ORA-00933: SQL command not properly ended

	at oracle.jdbc.driver.T4CTTIoer.processError(T4CTTIoer.java:450)
	at oracle.jdbc.driver.T4CTTIoer.processError(T4CTTIoer.java:399)
	at oracle.jdbc.driver.T4C8Oall.processError(T4C8Oall.java:1059)
	at oracle.jdbc.driver.T4CTTIfun.receive(T4CTTIfun.java:522)
	at oracle.jdbc.driver.T4CTTIfun.doRPC(T4CTTIfun.java:257)
	at oracle.jdbc.driver.T4C8Oall.doOALL(T4C8Oall.java:587)
	at oracle.jdbc.driver.T4CStatement.doOall8(T4CStatement.java:210)
	at oracle.jdbc.driver.T4CStatement.doOall8(T4CStatement.java:30)
	at oracle.jdbc.driver.T4CStatement.executeForDescribe(T4CStatement.java:762)
	at oracle.jdbc.driver.OracleStatement.executeMaybeDescribe(OracleStatement.java:925)
	at oracle.jdbc.driver.OracleStatement.doExecuteWithTimeout(OracleStatement.java:1111)
	at oracle.jdbc.driver.OracleStatement.executeQuery(OracleStatement.java:1309)
	at oracle.jdbc.driver.OracleStatementWrapper.executeQuery(OracleStatementWrapper.java:422)
	at com.dbmi.i2b2Pcori.LoginI2b2Pcori.Connect2DB(LoginI2b2Pcori.java:155)
	at com.dbmi.i2b2Pcori.Qry_Pcori_LabElectrolytesMedCaptopril.testDB(Qry_Pcori_LabElectrolytesMedCaptopril.java:148)
	at com.dbmi.i2b2Pcori.Qry_Pcori_LabElectrolytesMedCaptopril.testCompare(Qry_Pcori_LabElectrolytesMedCaptopril.java:138)
... Removed 24 stack frames]]>
    </failure>
  </testcase> <!-- testCompare -->
  <testcase name="DBduration" time="0.572" classname="com.dbmi.i2b2Pcori.Qry_Pcori_ICD10DiagDisMuskSkelDeformScoliosisLumbar"/>
  <testcase name="testCompare" time="222.584" classname="com.dbmi.i2b2Pcori.Qry_Pcori_ICD10DiagDisMuskSkelDeformScoliosisLumbar"/>
  <testcase name="DBduration" time="12.2" classname="com.dbmi.i2b2Pcori.Qry_Pcori_EncounterDischarHomeSelfCare"/>
  <testcase name="testCompare" time="190.425" classname="com.dbmi.i2b2Pcori.Qry_Pcori_EncounterDischarHomeSelfCare"/>
  <testcase name="DBduration" time="0.085" classname="com.dbmi.i2b2Pcori.Qry_Pcori_ICD10ProcExtraPhysioloExtracorHyperthermia"/>
  <testcase name="testCompare" time="190.549" classname="com.dbmi.i2b2Pcori.Qry_Pcori_ICD10ProcExtraPhysioloExtracorHyperthermia"/>
  <testcase name="DBduration" time="0.154" classname="com.dbmi.i2b2Pcori.Qry_Pcori_ICD10ProcAdminPhysioIrriEyePercutaneous"/>
  <testcase name="testCompare" time="197.884" classname="com.dbmi.i2b2Pcori.Qry_Pcori_ICD10ProcAdminPhysioIrriEyePercutaneous"/>
  <testcase name="DBduration" time="0.166" classname="com.dbmi.i2b2Pcori.Qry_Pcori_ICD10ProcChiroAnatoManipCerviExtrnalMechAsst"/>
  <testcase name="testCompare" time="200.406" classname="com.dbmi.i2b2Pcori.Qry_Pcori_ICD10ProcChiroAnatoManipCerviExtrnalMechAsst"/>
  <testcase name="DBduration" time="0.267" classname="com.dbmi.i2b2Pcori.Qry_Pcori_DemHispanicY"/>
  <testcase name="testCompare" time="17.066" classname="com.dbmi.i2b2Pcori.Qry_Pcori_DemHispanicY"/>
  <testcase name="DBduration" time="0.124" classname="com.dbmi.i2b2Pcori.Qry_Pcori_LabElectroSodiumBloodArt"/>
  <testcase name="testCompare" time="109.725" classname="com.dbmi.i2b2Pcori.Qry_Pcori_LabElectroSodiumBloodArt"/>
  <testcase name="DBduration" time="65.478" classname="com.dbmi.i2b2Pcori.Qry_Pcori_MedCardioMeds"/>
  <testcase name="testCompare" time="242.748" classname="com.dbmi.i2b2Pcori.Qry_Pcori_MedCardioMeds"/>
  <testcase name="DBduration" time="0.222" classname="com.dbmi.i2b2Pcori.Qry_Pcori_ICD10ProcNucMedMuscSkelCervicalSpineTechnetium99"/>
  <testcase name="testCompare" time="195.285" classname="com.dbmi.i2b2Pcori.Qry_Pcori_ICD10ProcNucMedMuscSkelCervicalSpineTechnetium99"/>
  <testcase name="DBduration" time="0.953" classname="com.dbmi.i2b2Pcori.Qry_Pcori_ICD9OperDigestiveSystem"/>
  <testcase name="testCompare" time="207.33" classname="com.dbmi.i2b2Pcori.Qry_Pcori_ICD9OperDigestiveSystem"/>
  <testcase name="DBduration" time="0.115" classname="com.dbmi.i2b2Pcori.Qry_Pcori_ICD10ProcMeasurePhysioloMonitorProductsExtRate"/>
  <testcase name="testCompare" time="197.695" classname="com.dbmi.i2b2Pcori.Qry_Pcori_ICD10ProcMeasurePhysioloMonitorProductsExtRate"/>
  <testcase name="DBduration" time="6.719" classname="com.dbmi.i2b2Pcori.Qry_Pcori_DemVitalDeadDateRange"/>
  <testcase name="testCompare" time="207.141" classname="com.dbmi.i2b2Pcori.Qry_Pcori_DemVitalDeadDateRange"/>
  <testcase name="DBduration" time="0.437" classname="com.dbmi.i2b2Pcori.Qry_Pcori_ICD10DiagCertPerinatHemorNewBrnIntraCraniGrd1NBorn"/>
  <testcase name="testCompare" time="243.94" classname="com.dbmi.i2b2Pcori.Qry_Pcori_ICD10DiagCertPerinatHemorNewBrnIntraCraniGrd1NBorn"/>
  <testcase name="DBduration" time="426.563" classname="com.dbmi.i2b2Pcori.Qry_Pcori_ICD10DiagDisRespDateRange">
    <failure type="java.sql.SQLException" message="ORA-12592: TNS:bad packet
">
      <![CDATA[java.sql.SQLException: ORA-12592: TNS:bad packet

	at oracle.jdbc.driver.T4CTTIoer.processError(T4CTTIoer.java:450)
	at oracle.jdbc.driver.T4CTTIoer.processError(T4CTTIoer.java:392)
	at oracle.jdbc.driver.T4CTTIoer.processError(T4CTTIoer.java:385)
	at oracle.jdbc.driver.T4C7Ocommoncall.processError(T4C7Ocommoncall.java:91)
	at oracle.jdbc.driver.T4CTTIfun.receive(T4CTTIfun.java:522)
	at oracle.jdbc.driver.T4CTTIfun.doRPC(T4CTTIfun.java:257)
	at oracle.jdbc.driver.T4C7Ocommoncall.doOLOGOFF(T4C7Ocommoncall.java:59)
	at oracle.jdbc.driver.T4CConnection.logoff(T4CConnection.java:844)
	at oracle.jdbc.driver.PhysicalConnection.close(PhysicalConnection.java:2502)
	at com.dbmi.i2b2Pcori.LoginI2b2Pcori.testDB_duration(LoginI2b2Pcori.java:241)
	at com.dbmi.i2b2Pcori.Qry_Pcori_ICD10DiagDisRespDateRange.DBduration(Qry_Pcori_ICD10DiagDisRespDateRange.java:161)
... Removed 24 stack frames]]>
    </failure>
  </testcase> <!-- DBduration -->
  <testcase name="testCompare" time="497.407" classname="com.dbmi.i2b2Pcori.Qry_Pcori_ICD10DiagDisRespDateRange"/>
  <testcase name="DBduration" time="4.214" classname="com.dbmi.i2b2Pcori.Qry_Pcori_ICD10DiagDisNervMyoneuralMyopathInflamatoryOtherInflmatoryElseClassifiedDateRange"/>
  <testcase name="testCompare" time="811.948" classname="com.dbmi.i2b2Pcori.Qry_Pcori_ICD10DiagDisNervMyoneuralMyopathInflamatoryOtherInflmatoryElseClassifiedDateRange"/>
  <testcase name="DBduration" time="11.956" classname="com.dbmi.i2b2Pcori.Qry_Pcori_DemRaceWhite"/>
  <testcase name="testCompare" time="197.961" classname="com.dbmi.i2b2Pcori.Qry_Pcori_DemRaceWhite"/>
  <testcase name="DBduration" time="102.255" classname="com.dbmi.i2b2Pcori.Qry_Pcori_DemRaceWhiteDate"/>
  <testcase name="testCompare" time="136.596" classname="com.dbmi.i2b2Pcori.Qry_Pcori_DemRaceWhiteDate">
    <failure type="java.sql.SQLSyntaxErrorException" message="ORA-00904: &amp;quot;START_DATE&amp;quot;: invalid identifier
">
      <![CDATA[java.sql.SQLSyntaxErrorException: ORA-00904: "START_DATE": invalid identifier

	at oracle.jdbc.driver.T4CTTIoer.processError(T4CTTIoer.java:450)
	at oracle.jdbc.driver.T4CTTIoer.processError(T4CTTIoer.java:399)
	at oracle.jdbc.driver.T4C8Oall.processError(T4C8Oall.java:1059)
	at oracle.jdbc.driver.T4CTTIfun.receive(T4CTTIfun.java:522)
	at oracle.jdbc.driver.T4CTTIfun.doRPC(T4CTTIfun.java:257)
	at oracle.jdbc.driver.T4C8Oall.doOALL(T4C8Oall.java:587)
	at oracle.jdbc.driver.T4CStatement.doOall8(T4CStatement.java:210)
	at oracle.jdbc.driver.T4CStatement.doOall8(T4CStatement.java:30)
	at oracle.jdbc.driver.T4CStatement.executeForDescribe(T4CStatement.java:762)
	at oracle.jdbc.driver.OracleStatement.executeMaybeDescribe(OracleStatement.java:925)
	at oracle.jdbc.driver.OracleStatement.doExecuteWithTimeout(OracleStatement.java:1111)
	at oracle.jdbc.driver.OracleStatement.executeQuery(OracleStatement.java:1309)
	at oracle.jdbc.driver.OracleStatementWrapper.executeQuery(OracleStatementWrapper.java:422)
	at com.dbmi.i2b2Pcori.LoginI2b2Pcori.Connect2DB(LoginI2b2Pcori.java:155)
	at com.dbmi.i2b2Pcori.Qry_Pcori_DemRaceWhiteDate.testDB(Qry_Pcori_DemRaceWhiteDate.java:140)
	at com.dbmi.i2b2Pcori.Qry_Pcori_DemRaceWhiteDate.testCompare(Qry_Pcori_DemRaceWhiteDate.java:130)
... Removed 24 stack frames]]>
    </failure>
  </testcase> <!-- testCompare -->
  <testcase name="DBduration" time="29.688" classname="com.dbmi.i2b2Pcori.Qry_Pcori_LabElectrolytes"/>
  <testcase name="testCompare" time="239.701" classname="com.dbmi.i2b2Pcori.Qry_Pcori_LabElectrolytes"/>
  <testcase name="DBduration" time="21.442" classname="com.dbmi.i2b2Pcori.Qry_Pcori_DemHispanicDate"/>
  <testcase name="testCompare" time="27.473" classname="com.dbmi.i2b2Pcori.Qry_Pcori_DemHispanicDate"/>
  <testcase name="DBduration" time="0.195" classname="com.dbmi.i2b2Pcori.Qry_Pcori_ICD10ProcNucMedMuscSkelSkulNCervical"/>
  <testcase name="testCompare" time="209.24" classname="com.dbmi.i2b2Pcori.Qry_Pcori_ICD10ProcNucMedMuscSkelSkulNCervical"/>
  <testcase name="DBduration" time="0.839" classname="com.dbmi.i2b2Pcori.Qry_Pcori_ICD10DiagDisRespAsthma"/>
  <testcase name="testCompare" time="229.06" classname="com.dbmi.i2b2Pcori.Qry_Pcori_ICD10DiagDisRespAsthma"/>
  <testcase name="DBduration" time="37.617" classname="com.dbmi.i2b2Pcori.Qry_Pcori_EncounterDischarHomeSelfCareAge3444"/>
  <testcase name="testCompare" time="197.412" classname="com.dbmi.i2b2Pcori.Qry_Pcori_EncounterDischarHomeSelfCareAge3444">
    <failure type="java.sql.SQLSyntaxErrorException" message="ORA-00933: SQL command not properly ended
">
      <![CDATA[java.sql.SQLSyntaxErrorException: ORA-00933: SQL command not properly ended

	at oracle.jdbc.driver.T4CTTIoer.processError(T4CTTIoer.java:450)
	at oracle.jdbc.driver.T4CTTIoer.processError(T4CTTIoer.java:399)
	at oracle.jdbc.driver.T4C8Oall.processError(T4C8Oall.java:1059)
	at oracle.jdbc.driver.T4CTTIfun.receive(T4CTTIfun.java:522)
	at oracle.jdbc.driver.T4CTTIfun.doRPC(T4CTTIfun.java:257)
	at oracle.jdbc.driver.T4C8Oall.doOALL(T4C8Oall.java:587)
	at oracle.jdbc.driver.T4CStatement.doOall8(T4CStatement.java:210)
	at oracle.jdbc.driver.T4CStatement.doOall8(T4CStatement.java:30)
	at oracle.jdbc.driver.T4CStatement.executeForDescribe(T4CStatement.java:762)
	at oracle.jdbc.driver.OracleStatement.executeMaybeDescribe(OracleStatement.java:925)
	at oracle.jdbc.driver.OracleStatement.doExecuteWithTimeout(OracleStatement.java:1111)
	at oracle.jdbc.driver.OracleStatement.executeQuery(OracleStatement.java:1309)
	at oracle.jdbc.driver.OracleStatementWrapper.executeQuery(OracleStatementWrapper.java:422)
	at com.dbmi.i2b2Pcori.LoginI2b2Pcori.Connect2DB(LoginI2b2Pcori.java:155)
	at com.dbmi.i2b2Pcori.Qry_Pcori_EncounterDischarHomeSelfCareAge3444.testDB(Qry_Pcori_EncounterDischarHomeSelfCareAge3444.java:136)
	at com.dbmi.i2b2Pcori.Qry_Pcori_EncounterDischarHomeSelfCareAge3444.testCompare(Qry_Pcori_EncounterDischarHomeSelfCareAge3444.java:126)
... Removed 24 stack frames]]>
    </failure>
  </testcase> <!-- testCompare -->
  <testcase name="DBduration" time="0.77" classname="com.dbmi.i2b2Pcori.Qry_Pcori_DemVitalDead"/>
  <testcase name="testCompare" time="208.078" classname="com.dbmi.i2b2Pcori.Qry_Pcori_DemVitalDead"/>
  <testcase name="DBduration" time="0.308" classname="com.dbmi.i2b2Pcori.Qry_Pcori_ICD9OperLiverTransPlant"/>
  <testcase name="testCompare" time="223.543" classname="com.dbmi.i2b2Pcori.Qry_Pcori_ICD9OperLiverTransPlant"/>
  <testcase name="DBduration" time="267.203" classname="com.dbmi.i2b2Pcori.Qry_Pcori_VisitTypeAmbulatory">
    <failure type="java.sql.SQLException" message="ORA-12592: TNS:bad packet
">
      <![CDATA[java.sql.SQLException: ORA-12592: TNS:bad packet

	at oracle.jdbc.driver.T4CTTIoer.processError(T4CTTIoer.java:450)
	at oracle.jdbc.driver.T4CTTIoer.processError(T4CTTIoer.java:392)
	at oracle.jdbc.driver.T4CTTIoer.processError(T4CTTIoer.java:385)
	at oracle.jdbc.driver.T4C7Ocommoncall.processError(T4C7Ocommoncall.java:91)
	at oracle.jdbc.driver.T4CTTIfun.receive(T4CTTIfun.java:522)
	at oracle.jdbc.driver.T4CTTIfun.doRPC(T4CTTIfun.java:257)
	at oracle.jdbc.driver.T4C7Ocommoncall.doOLOGOFF(T4C7Ocommoncall.java:59)
	at oracle.jdbc.driver.T4CConnection.logoff(T4CConnection.java:844)
	at oracle.jdbc.driver.PhysicalConnection.close(PhysicalConnection.java:2502)
	at com.dbmi.i2b2Pcori.LoginI2b2Pcori.testDB_duration(LoginI2b2Pcori.java:241)
	at com.dbmi.i2b2Pcori.Qry_Pcori_VisitTypeAmbulatory.DBduration(Qry_Pcori_VisitTypeAmbulatory.java:132)
... Removed 24 stack frames]]>
    </failure>
  </testcase> <!-- DBduration -->
  <testcase name="testCompare" time="521.321" classname="com.dbmi.i2b2Pcori.Qry_Pcori_VisitTypeAmbulatory">
    <failure type="java.lang.Exception" message="Comparison Result: Numbers Do Not Match">
      <![CDATA[java.lang.Exception: Comparison Result: Numbers Do Not Match
	at com.dbmi.i2b2Pcori.Qry_Pcori_VisitTypeAmbulatory.testCompare(Qry_Pcori_VisitTypeAmbulatory.java:116)
... Removed 24 stack frames]]>
    </failure>
  </testcase> <!-- testCompare -->
  <testcase name="DBduration" time="0.61" classname="com.dbmi.i2b2Pcori.Qry_Pcori_ICD10ProcMentalNonePsychoPersonBehavioral"/>
  <testcase name="testCompare" time="225.491" classname="com.dbmi.i2b2Pcori.Qry_Pcori_ICD10ProcMentalNonePsychoPersonBehavioral"/>
  <testcase name="DBduration" time="2.261" classname="com.dbmi.i2b2Pcori.Qry_Pcori_ICD10DiagDisNervMyoneuralMyopathInflamatoryOtherInflmatoryElseClassified"/>
  <testcase name="testCompare" time="239.979" classname="com.dbmi.i2b2Pcori.Qry_Pcori_ICD10DiagDisNervMyoneuralMyopathInflamatoryOtherInflmatoryElseClassified"/>
  <testcase name="DBduration" time="0.23" classname="com.dbmi.i2b2Pcori.Qry_Pcori_ICD10ProcPlacemntAnatomiRemovalFootExtrCast"/>
  <testcase name="testCompare" time="200.023" classname="com.dbmi.i2b2Pcori.Qry_Pcori_ICD10ProcPlacemntAnatomiRemovalFootExtrCast"/>
  <testcase name="DBduration" time="3.424" classname="com.dbmi.i2b2Pcori.Qry_Pcori_ICD9OperLiverTransPlantANDAsthma"/>
  <testcase name="testCompare" time="282.808" classname="com.dbmi.i2b2Pcori.Qry_Pcori_ICD9OperLiverTransPlantANDAsthma"/>
  <testcase name="DBduration" time="0.353" classname="com.dbmi.i2b2Pcori.Qry_Pcori_ICD10_PhyRehabActivitCirculatoryLowerExtrCirculation"/>
  <testcase name="testCompare" time="192.583" classname="com.dbmi.i2b2Pcori.Qry_Pcori_ICD10_PhyRehabActivitCirculatoryLowerExtrCirculation"/>
  <testcase name="DBduration" time="0.459" classname="com.dbmi.i2b2Pcori.Qry_Pcori_ICD10ProcRadiEarNoseStereoSalivRadioSurgery"/>
  <testcase name="testCompare" time="196.127" classname="com.dbmi.i2b2Pcori.Qry_Pcori_ICD10ProcRadiEarNoseStereoSalivRadioSurgery"/>
  <testcase name="DBduration" time="2.506" classname="com.dbmi.i2b2Pcori.Qry_Pcori_ICD10_PhyRehabActivitCirculatoryLowerExtrAerobicConditioning"/>
  <testcase name="testCompare" time="193.984" classname="com.dbmi.i2b2Pcori.Qry_Pcori_ICD10_PhyRehabActivitCirculatoryLowerExtrAerobicConditioning"/>
  <testcase name="DBduration" time="0.329" classname="com.dbmi.i2b2Pcori.Qry_Pcori_ICD10ProcPhysicalRehabAudiology"/>
  <testcase name="testCompare" time="188.02" classname="com.dbmi.i2b2Pcori.Qry_Pcori_ICD10ProcPhysicalRehabAudiology"/>
</testsuite> <!-- Test -->
