<?xml version="1.0" encoding="UTF-8"?>
<!-- Generated by org.testng.reporters.JUnitXMLReporter -->
<testsuite hostname="jop55-dt" name="TestOper" tests="4" failures="0" timestamp="21 Aug 2017 12:21:41 GMT" time="41.668" errors="0">
  <testcase name="DBduration" time="0.091" classname="com.dbmi.i2b2Act.Qry_Act_OperDigestiveSystem"/>
  <testcase name="DBduration" time="2.485" classname="com.dbmi.i2b2Act.Qry_Act_OperDigestiveSystemDate"/>
  <testcase name="DBduration" time="0.074" classname="com.dbmi.i2b2Act.Qry_Act_OperLiverTransPlant"/>
  <testcase name="DBduration" time="2.47" classname="com.dbmi.i2b2Act.Qry_Act_OperLiverTransPlantDate"/>
</testsuite> <!-- TestOper -->
