<?xml version="1.0" encoding="UTF-8"?>
<!-- Generated by org.testng.reporters.JUnitXMLReporter -->
<testsuite hostname="jop55-dt" name="Command line test" tests="2" failures="1" timestamp="6 Jun 2017 15:10:11 GMT" time="0.016" errors="0">
  <testcase name="f" time="0.0" classname="com.dbmi.i2b2Act.DBTest"/>
  <testcase name="OpenDBConnection" time="0.0" classname="com.dbmi.i2b2Act.DatabaseTest">
    <failure type="org.testng.TestNGException" message="
Can&amp;apos;t invoke public void com.dbmi.i2b2Act.DatabaseTest.OpenDBConnection(): either make it static or add a no-args constructor to your class">
      <![CDATA[org.testng.TestNGException: 
Can't invoke public void com.dbmi.i2b2Act.DatabaseTest.OpenDBConnection(): either make it static or add a no-args constructor to your class
... Removed 31 stack frames]]>
    </failure>
  </testcase> <!-- OpenDBConnection -->
</testsuite> <!-- Command line test -->
