<?xml version="1.0" encoding="UTF-8"?>
<!-- Generated by org.testng.reporters.JUnitXMLReporter -->
<testsuite hostname="jop55-dt" name="TestLab" tests="8" failures="3" timestamp="21 Aug 2017 12:20:59 GMT" time="1049.032" errors="0">
  <testcase name="DBduration" time="0.035" classname="com.dbmi.i2b2Act.Qry_Act_LabHemHemoA1c">
    <failure type="java.sql.SQLException" message="SQL statement to execute cannot be empty or null">
      <![CDATA[java.sql.SQLException: SQL statement to execute cannot be empty or null
	at oracle.jdbc.driver.OracleSql.initialize(OracleSql.java:104)
	at oracle.jdbc.driver.OracleStatement.executeQuery(OracleStatement.java:1299)
	at oracle.jdbc.driver.OracleStatementWrapper.executeQuery(OracleStatementWrapper.java:422)
	at com.dbmi.i2b2Act.LoginI2b2Act.testDB_duration(LoginI2b2Act.java:215)
	at com.dbmi.i2b2Act.Qry_Act_LabHemHemoA1c.DBduration(Qry_Act_LabHemHemoA1c.java:118)
... Removed 24 stack frames]]>
    </failure>
  </testcase> <!-- DBduration -->
  <testcase name="DBduration" time="0.04" classname="com.dbmi.i2b2Act.Qry_Act_LabHemBasoLukocytes100">
    <failure type="java.sql.SQLException" message="SQL statement to execute cannot be empty or null">
      <![CDATA[java.sql.SQLException: SQL statement to execute cannot be empty or null
	at oracle.jdbc.driver.OracleSql.initialize(OracleSql.java:104)
	at oracle.jdbc.driver.OracleStatement.executeQuery(OracleStatement.java:1299)
	at oracle.jdbc.driver.OracleStatementWrapper.executeQuery(OracleStatementWrapper.java:422)
	at com.dbmi.i2b2Act.LoginI2b2Act.testDB_duration(LoginI2b2Act.java:215)
	at com.dbmi.i2b2Act.Qry_Act_LabHemBasoLukocytes100.DBduration(Qry_Act_LabHemBasoLukocytes100.java:136)
... Removed 24 stack frames]]>
    </failure>
  </testcase> <!-- DBduration -->
  <testcase name="DBduration" time="5.529" classname="com.dbmi.i2b2Act.Qry_Act_LabElectroSodioSerum"/>
  <testcase name="DBduration" time="45.988" classname="com.dbmi.i2b2Act.Qry_Act_LabElectrolytes"/>
  <testcase name="DBduration" time="885.151" classname="com.dbmi.i2b2Act.Qry_Act_LabElectroSodioSerum140">
    <failure type="java.sql.SQLException" message="ORA-12592: TNS:bad packet
">
      <![CDATA[java.sql.SQLException: ORA-12592: TNS:bad packet

	at oracle.jdbc.driver.T4CTTIoer.processError(T4CTTIoer.java:450)
	at oracle.jdbc.driver.T4CTTIoer.processError(T4CTTIoer.java:392)
	at oracle.jdbc.driver.T4CTTIoer.processError(T4CTTIoer.java:385)
	at oracle.jdbc.driver.T4C7Ocommoncall.processError(T4C7Ocommoncall.java:91)
	at oracle.jdbc.driver.T4CTTIfun.receive(T4CTTIfun.java:522)
	at oracle.jdbc.driver.T4CTTIfun.doRPC(T4CTTIfun.java:257)
	at oracle.jdbc.driver.T4C7Ocommoncall.doOLOGOFF(T4C7Ocommoncall.java:59)
	at oracle.jdbc.driver.T4CConnection.logoff(T4CConnection.java:844)
	at oracle.jdbc.driver.PhysicalConnection.close(PhysicalConnection.java:2502)
	at com.dbmi.i2b2Act.LoginI2b2Act.testDB_duration(LoginI2b2Act.java:232)
	at com.dbmi.i2b2Act.Qry_Act_LabElectroSodioSerum140.DBduration(Qry_Act_LabElectroSodioSerum140.java:142)
... Removed 24 stack frames]]>
    </failure>
  </testcase> <!-- DBduration -->
  <testcase name="DBduration" time="24.792" classname="com.dbmi.i2b2Act.Qry_Act_LabElectrolytesDateRange"/>
  <testcase name="DBduration" time="2.433" classname="com.dbmi.i2b2Act.Qry_Act_LabElectroSodioSerumDateRange"/>
  <testcase name="DBduration" time="13.031" classname="com.dbmi.i2b2Act.Qry_Act_LabElectroSodioSerum140DateRange"/>
</testsuite> <!-- TestLab -->
