<?xml version="1.0" encoding="UTF-8"?>
<!-- Generated by org.testng.reporters.JUnitXMLReporter -->
<testsuite hostname="jop55-dt" name="TestMed" tests="9" failures="1" timestamp="14 Aug 2017 15:12:56 GMT" time="1352.025" errors="0">
  <testcase name="@AfterClass tearDown" time="0.0" classname="com.dbmi.i2b2Act.Qry_Act_MedFamciclovir">
    <failure type="org.openqa.selenium.WebDriverException" message="Tried to run command without establishing a connection
Build info: version: &amp;apos;3.4.0&amp;apos;, revision: &amp;apos;unknown&amp;apos;, time: &amp;apos;unknown&amp;apos;
System info: host: &amp;apos;JOP55-DT&amp;apos;, ip: &amp;apos;192.168.56.1&amp;apos;, os.name: &amp;apos;Windows 8.1&amp;apos;, os.arch: &amp;apos;amd64&amp;apos;, os.version: &amp;apos;6.3&amp;apos;, java.version: &amp;apos;1.8.0_60&amp;apos;
Driver info: org.openqa.selenium.firefox.FirefoxDriver
Capabilities [{moz:profile=C:\Users\JOP55\AppData\Local\Temp\rust_mozprofile.z6m0oCWgsHyJ, rotatable=false, timeouts={implicit=0.0, pageLoad=300000.0, script=30000.0}, pageLoadStrategy=normal, platform=ANY, specificationLevel=0.0, moz:accessibilityChecks=false, acceptInsecureCerts=false, browserVersion=54.0.1, platformVersion=6.3, moz:processID=7868.0, browserName=firefox, javascriptEnabled=true, platformName=windows_nt}]
Session ID: ef1ac7bb-87eb-4edf-a869-9c35032256d0">
      <![CDATA[org.openqa.selenium.WebDriverException: Tried to run command without establishing a connection
Build info: version: '3.4.0', revision: 'unknown', time: 'unknown'
System info: host: 'JOP55-DT', ip: '192.168.56.1', os.name: 'Windows 8.1', os.arch: 'amd64', os.version: '6.3', java.version: '1.8.0_60'
Driver info: org.openqa.selenium.firefox.FirefoxDriver
Capabilities [{moz:profile=C:\Users\JOP55\AppData\Local\Temp\rust_mozprofile.z6m0oCWgsHyJ, rotatable=false, timeouts={implicit=0.0, pageLoad=300000.0, script=30000.0}, pageLoadStrategy=normal, platform=ANY, specificationLevel=0.0, moz:accessibilityChecks=false, acceptInsecureCerts=false, browserVersion=54.0.1, platformVersion=6.3, moz:processID=7868.0, browserName=firefox, javascriptEnabled=true, platformName=windows_nt}]
Session ID: ef1ac7bb-87eb-4edf-a869-9c35032256d0
	at org.openqa.selenium.remote.http.W3CHttpResponseCodec.createException(W3CHttpResponseCodec.java:150)
	at org.openqa.selenium.remote.http.W3CHttpResponseCodec.decode(W3CHttpResponseCodec.java:115)
	at org.openqa.selenium.remote.http.W3CHttpResponseCodec.decode(W3CHttpResponseCodec.java:45)
	at org.openqa.selenium.remote.HttpCommandExecutor.execute(HttpCommandExecutor.java:164)
	at org.openqa.selenium.remote.service.DriverCommandExecutor.execute(DriverCommandExecutor.java:82)
	at org.openqa.selenium.remote.RemoteWebDriver.execute(RemoteWebDriver.java:637)
	at org.openqa.selenium.remote.RemoteWebDriver.execute(RemoteWebDriver.java:694)
	at org.openqa.selenium.remote.RemoteWebDriver.quit(RemoteWebDriver.java:533)
	at com.dbmi.i2b2Act.Qry_Act_MedFamciclovir.tearDown(Qry_Act_MedFamciclovir.java:113)
... Removed 28 stack frames]]>
    </failure>
  </testcase> <!-- @AfterClass tearDown -->
  <testcase name="qryMedCardioMedsDate" time="29.201" classname="com.dbmi.i2b2Act.Qry_Act_MedCardioMedsDate"/>
  <testcase name="qryMedCardioCaptoprilOralTab" time="17.633" classname="com.dbmi.i2b2Act.Qry_Act_MedCardioCaptopril"/>
  <testcase name="qryMedFamciclovir" time="211.405" classname="com.dbmi.i2b2Act.Qry_Act_MedFamciclovir">
    <failure type="org.openqa.selenium.WebDriverException" message="Failed to decode response from marionette
Build info: version: &amp;apos;3.4.0&amp;apos;, revision: &amp;apos;unknown&amp;apos;, time: &amp;apos;unknown&amp;apos;
System info: host: &amp;apos;JOP55-DT&amp;apos;, ip: &amp;apos;192.168.56.1&amp;apos;, os.name: &amp;apos;Windows 8.1&amp;apos;, os.arch: &amp;apos;amd64&amp;apos;, os.version: &amp;apos;6.3&amp;apos;, java.version: &amp;apos;1.8.0_60&amp;apos;
Driver info: org.openqa.selenium.firefox.FirefoxDriver
Capabilities [{moz:profile=C:\Users\JOP55\AppData\Local\Temp\rust_mozprofile.z6m0oCWgsHyJ, rotatable=false, timeouts={implicit=0.0, pageLoad=300000.0, script=30000.0}, pageLoadStrategy=normal, platform=ANY, specificationLevel=0.0, moz:accessibilityChecks=false, acceptInsecureCerts=false, browserVersion=54.0.1, platformVersion=6.3, moz:processID=7868.0, browserName=firefox, javascriptEnabled=true, platformName=windows_nt}]
Session ID: ef1ac7bb-87eb-4edf-a869-9c35032256d0">
      <![CDATA[org.openqa.selenium.WebDriverException: Failed to decode response from marionette
Build info: version: '3.4.0', revision: 'unknown', time: 'unknown'
System info: host: 'JOP55-DT', ip: '192.168.56.1', os.name: 'Windows 8.1', os.arch: 'amd64', os.version: '6.3', java.version: '1.8.0_60'
Driver info: org.openqa.selenium.firefox.FirefoxDriver
Capabilities [{moz:profile=C:\Users\JOP55\AppData\Local\Temp\rust_mozprofile.z6m0oCWgsHyJ, rotatable=false, timeouts={implicit=0.0, pageLoad=300000.0, script=30000.0}, pageLoadStrategy=normal, platform=ANY, specificationLevel=0.0, moz:accessibilityChecks=false, acceptInsecureCerts=false, browserVersion=54.0.1, platformVersion=6.3, moz:processID=7868.0, browserName=firefox, javascriptEnabled=true, platformName=windows_nt}]
Session ID: ef1ac7bb-87eb-4edf-a869-9c35032256d0
	at org.openqa.selenium.remote.http.W3CHttpResponseCodec.createException(W3CHttpResponseCodec.java:150)
	at org.openqa.selenium.remote.http.W3CHttpResponseCodec.decode(W3CHttpResponseCodec.java:115)
	at org.openqa.selenium.remote.http.W3CHttpResponseCodec.decode(W3CHttpResponseCodec.java:45)
	at org.openqa.selenium.remote.HttpCommandExecutor.execute(HttpCommandExecutor.java:164)
	at org.openqa.selenium.remote.service.DriverCommandExecutor.execute(DriverCommandExecutor.java:82)
	at org.openqa.selenium.remote.RemoteWebDriver.execute(RemoteWebDriver.java:637)
	at org.openqa.selenium.remote.RemoteWebDriver$RemoteTargetLocator.window(RemoteWebDriver.java:991)
	at com.dbmi.i2b2Act.Qry_Act_MedFamciclovir.qryMedFamciclovir(Qry_Act_MedFamciclovir.java:81)
... Removed 28 stack frames]]>
    </failure>
  </testcase> <!-- qryMedFamciclovir -->
  <testcase name="qryMedCardioAceInhibitDate" time="18.299" classname="com.dbmi.i2b2Act.Qry_Act_MedCardioAceInhibitDate"/>
  <testcase name="qryMedCardioCaptoprilOralTab" time="22.07" classname="com.dbmi.i2b2Act.Qry_Act_MedCardioCaptoprilOralTab"/>
  <testcase name="qryMedCardioCaptoprilOralTabDate" time="27.63" classname="com.dbmi.i2b2Act.Qry_Act_MedCardioCaptoprilOralTabDate"/>
  <testcase name="qryMedCardioMeds" time="27.898" classname="com.dbmi.i2b2Act.Qry_Act_MedCardioMeds"/>
  <testcase name="qryMedCentalAnitdepressSetraline" time="214.688" classname="com.dbmi.i2b2Act.Qry_Act_MedCentalAnitdepressSetraline"/>
  <testcase name="qryMedCardioCaptoprilDate" time="18.495" classname="com.dbmi.i2b2Act.Qry_Act_MedCardioCaptoprilDate"/>
</testsuite> <!-- TestMed -->
