<?xml version="1.0" encoding="UTF-8"?>
<!-- Generated by org.testng.reporters.JUnitXMLReporter -->
<testsuite hostname="jop55-dt" name="TestVisit" tests="6" failures="4" timestamp="21 Aug 2017 12:32:51 GMT" time="669.741" errors="0">
  <testcase name="@AfterClass tearDown" time="0.0" classname="com.dbmi.i2b2Act.Qry_Act_VisitDetailsAge45_54">
    <failure type="org.openqa.selenium.WebDriverException" message="Failed to write response to stream
Build info: version: &amp;apos;3.4.0&amp;apos;, revision: &amp;apos;unknown&amp;apos;, time: &amp;apos;unknown&amp;apos;
System info: host: &amp;apos;JOP55-DT&amp;apos;, ip: &amp;apos;192.168.56.1&amp;apos;, os.name: &amp;apos;Windows 8.1&amp;apos;, os.arch: &amp;apos;amd64&amp;apos;, os.version: &amp;apos;6.3&amp;apos;, java.version: &amp;apos;1.8.0_60&amp;apos;
Driver info: org.openqa.selenium.firefox.FirefoxDriver
Capabilities [{moz:profile=C:\Users\JOP55\AppData\Local\Temp\rust_mozprofile.LEO34MEy74J6, rotatable=false, timeouts={implicit=0.0, pageLoad=300000.0, script=30000.0}, pageLoadStrategy=normal, platform=ANY, specificationLevel=0.0, moz:accessibilityChecks=false, acceptInsecureCerts=false, browserVersion=55.0.2, platformVersion=6.3, moz:processID=1988.0, browserName=firefox, javascriptEnabled=true, platformName=windows_nt}]
Session ID: a2dddaee-96c0-4ee5-baaf-69ad5c248985">
      <![CDATA[org.openqa.selenium.WebDriverException: Failed to write response to stream
Build info: version: '3.4.0', revision: 'unknown', time: 'unknown'
System info: host: 'JOP55-DT', ip: '192.168.56.1', os.name: 'Windows 8.1', os.arch: 'amd64', os.version: '6.3', java.version: '1.8.0_60'
Driver info: org.openqa.selenium.firefox.FirefoxDriver
Capabilities [{moz:profile=C:\Users\JOP55\AppData\Local\Temp\rust_mozprofile.LEO34MEy74J6, rotatable=false, timeouts={implicit=0.0, pageLoad=300000.0, script=30000.0}, pageLoadStrategy=normal, platform=ANY, specificationLevel=0.0, moz:accessibilityChecks=false, acceptInsecureCerts=false, browserVersion=55.0.2, platformVersion=6.3, moz:processID=1988.0, browserName=firefox, javascriptEnabled=true, platformName=windows_nt}]
Session ID: a2dddaee-96c0-4ee5-baaf-69ad5c248985
	at org.openqa.selenium.remote.http.W3CHttpResponseCodec.createException(W3CHttpResponseCodec.java:150)
	at org.openqa.selenium.remote.http.W3CHttpResponseCodec.decode(W3CHttpResponseCodec.java:115)
	at org.openqa.selenium.remote.http.W3CHttpResponseCodec.decode(W3CHttpResponseCodec.java:45)
	at org.openqa.selenium.remote.HttpCommandExecutor.execute(HttpCommandExecutor.java:164)
	at org.openqa.selenium.remote.service.DriverCommandExecutor.execute(DriverCommandExecutor.java:82)
	at org.openqa.selenium.remote.RemoteWebDriver.execute(RemoteWebDriver.java:637)
	at org.openqa.selenium.remote.RemoteWebDriver.execute(RemoteWebDriver.java:694)
	at org.openqa.selenium.remote.RemoteWebDriver.quit(RemoteWebDriver.java:533)
	at com.dbmi.i2b2Act.Qry_Act_VisitDetailsAge45_54.tearDown(Qry_Act_VisitDetailsAge45_54.java:105)
... Removed 28 stack frames]]>
    </failure>
  </testcase> <!-- @AfterClass tearDown -->
  <testcase name="DBduration" time="0.046" classname="com.dbmi.i2b2Act.Qry_Act_VisitTypeAmbulatory">
    <failure type="java.sql.SQLSyntaxErrorException" message="ORA-00900: invalid SQL statement
">
      <![CDATA[java.sql.SQLSyntaxErrorException: ORA-00900: invalid SQL statement

	at oracle.jdbc.driver.T4CTTIoer.processError(T4CTTIoer.java:450)
	at oracle.jdbc.driver.T4CTTIoer.processError(T4CTTIoer.java:399)
	at oracle.jdbc.driver.T4C8Oall.processError(T4C8Oall.java:1059)
	at oracle.jdbc.driver.T4CTTIfun.receive(T4CTTIfun.java:522)
	at oracle.jdbc.driver.T4CTTIfun.doRPC(T4CTTIfun.java:257)
	at oracle.jdbc.driver.T4C8Oall.doOALL(T4C8Oall.java:587)
	at oracle.jdbc.driver.T4CStatement.doOall8(T4CStatement.java:210)
	at oracle.jdbc.driver.T4CStatement.doOall8(T4CStatement.java:30)
	at oracle.jdbc.driver.T4CStatement.executeForRows(T4CStatement.java:931)
	at oracle.jdbc.driver.OracleStatement.doExecuteWithTimeout(OracleStatement.java:1150)
	at oracle.jdbc.driver.OracleStatement.executeQuery(OracleStatement.java:1309)
	at oracle.jdbc.driver.OracleStatementWrapper.executeQuery(OracleStatementWrapper.java:422)
	at com.dbmi.i2b2Act.LoginI2b2Act.testDB_duration(LoginI2b2Act.java:215)
	at com.dbmi.i2b2Act.Qry_Act_VisitTypeAmbulatory.DBduration(Qry_Act_VisitTypeAmbulatory.java:126)
... Removed 24 stack frames]]>
    </failure>
  </testcase> <!-- DBduration -->
  <testcase name="DBduration" time="3.767" classname="com.dbmi.i2b2Act.Qry_Act_VisitDetailsLengthOfStay"/>
  <testcase name="DBduration" time="0.071" classname="com.dbmi.i2b2Act.Qry_Act_VisitTypeEMR">
    <failure type="java.sql.SQLException" message="SQL statement to execute cannot be empty or null">
      <![CDATA[java.sql.SQLException: SQL statement to execute cannot be empty or null
	at oracle.jdbc.driver.OracleSql.initialize(OracleSql.java:104)
	at oracle.jdbc.driver.OracleStatement.executeQuery(OracleStatement.java:1299)
	at oracle.jdbc.driver.OracleStatementWrapper.executeQuery(OracleStatementWrapper.java:422)
	at com.dbmi.i2b2Act.LoginI2b2Act.testDB_duration(LoginI2b2Act.java:215)
	at com.dbmi.i2b2Act.Qry_Act_VisitTypeEMR.DBduration(Qry_Act_VisitTypeEMR.java:113)
... Removed 24 stack frames]]>
    </failure>
  </testcase> <!-- DBduration -->
  <testcase name="DBduration" time="0.033" classname="com.dbmi.i2b2Act.Qry_Act_VisitDetailsAge">
    <failure type="java.sql.SQLException" message="SQL statement to execute cannot be empty or null">
      <![CDATA[java.sql.SQLException: SQL statement to execute cannot be empty or null
	at oracle.jdbc.driver.OracleSql.initialize(OracleSql.java:104)
	at oracle.jdbc.driver.OracleStatement.executeQuery(OracleStatement.java:1299)
	at oracle.jdbc.driver.OracleStatementWrapper.executeQuery(OracleStatementWrapper.java:422)
	at com.dbmi.i2b2Act.LoginI2b2Act.testDB_duration(LoginI2b2Act.java:215)
	at com.dbmi.i2b2Act.Qry_Act_VisitDetailsAge.DBduration(Qry_Act_VisitDetailsAge.java:134)
... Removed 24 stack frames]]>
    </failure>
  </testcase> <!-- DBduration -->
  <testcase name="DBduration" time="588.801" classname="com.dbmi.i2b2Act.Qry_Act_VisitDetailsAge45_54">
    <failure type="java.sql.SQLException" message="ORA-12592: TNS:bad packet
">
      <![CDATA[java.sql.SQLException: ORA-12592: TNS:bad packet

	at oracle.jdbc.driver.T4CTTIoer.processError(T4CTTIoer.java:450)
	at oracle.jdbc.driver.T4CTTIoer.processError(T4CTTIoer.java:392)
	at oracle.jdbc.driver.T4CTTIoer.processError(T4CTTIoer.java:385)
	at oracle.jdbc.driver.T4C7Ocommoncall.processError(T4C7Ocommoncall.java:91)
	at oracle.jdbc.driver.T4CTTIfun.receive(T4CTTIfun.java:522)
	at oracle.jdbc.driver.T4CTTIfun.doRPC(T4CTTIfun.java:257)
	at oracle.jdbc.driver.T4C7Ocommoncall.doOLOGOFF(T4C7Ocommoncall.java:59)
	at oracle.jdbc.driver.T4CConnection.logoff(T4CConnection.java:844)
	at oracle.jdbc.driver.PhysicalConnection.close(PhysicalConnection.java:2502)
	at com.dbmi.i2b2Act.LoginI2b2Act.testDB_duration(LoginI2b2Act.java:232)
	at com.dbmi.i2b2Act.Qry_Act_VisitDetailsAge45_54.DBduration(Qry_Act_VisitDetailsAge45_54.java:131)
... Removed 24 stack frames]]>
    </failure>
  </testcase> <!-- DBduration -->
  <testcase name="DBduration" time="25.141" classname="com.dbmi.i2b2Act.Qry_Act_VisitTypeAmbulatoryDate"/>
</testsuite> <!-- TestVisit -->
