<?xml version="1.0" encoding="UTF-8"?>
<!-- Generated by org.testng.reporters.JUnitXMLReporter -->
<testsuite hostname="jop55-dt" name="TestICD109" tests="3" failures="0" timestamp="14 Aug 2017 14:34:09 GMT" time="650.572" errors="0">
  <testcase name="qryICD109DiagDisRespAsthmaDateRange" time="209.536" classname="com.dbmi.i2b2Act.Qry_Act_ICD109DiagDisRespAsthmaDateRange"/>
  <testcase name="qryICD109DiagDisRespAsthma" time="207.293" classname="com.dbmi.i2b2Act.Qry_Act_ICD109DiagDisRespAsthma"/>
  <testcase name="qryICD109DiagDisResp" time="206.919" classname="com.dbmi.i2b2Act.Qry_Act_ICD109DiagDisResp"/>
</testsuite> <!-- TestICD109 -->
