<?xml version="1.0" encoding="UTF-8"?>
<!-- Generated by org.testng.reporters.JUnitXMLReporter -->
<testsuite hostname="jop55-dt" name="TestDemographics" tests="4" failures="0" timestamp="21 Aug 2017 12:02:42 GMT" time="47.81" errors="0">
  <testcase name="DBduration" time="0.117" classname="com.dbmi.i2b2Act.Qry_Act_DemHispanicY"/>
  <testcase name="DBduration" time="0.121" classname="com.dbmi.i2b2Act.Qry_Act_DemHispanicDate"/>
  <testcase name="DBduration" time="3.689" classname="com.dbmi.i2b2Act.Qry_Act_DemRaceWhite"/>
  <testcase name="DBduration" time="7.497" classname="com.dbmi.i2b2Act.Qry_Act_DemRaceWhiteDate"/>
</testsuite> <!-- TestDemographics -->
